C51 COMPILER V9.57.0.0   MAIN                                                              06/18/2024 11:36:06 PAGE 1   


C51 COMPILER V9.57.0.0, COMPILATION OF MODULE MAIN
OBJECT MODULE PLACED IN .\Obj\main.obj
COMPILER INVOKED BY: D:\Keil_v5\C51\BIN\C51.EXE User\main.c LARGE OPTIMIZE(1,SPEED) BROWSE INCDIR(.\App;.\User) DEBUG OB
                    -JECTEXTEND PRINT(.\Obj\main.lst) TABS(2) OBJECT(.\Obj\main.obj)

line level    source

   1          #include "main.h"
   2          
   3          
   4          uint8_t idata flag11=0;   //全局标志
   5          
   6          /* -----------------------------说明 -----------------------------------------
   7          1、 单片机型号 -> STC15L2K32S2   LQFP32
   8          2、 系统时钟   -> 外部晶体，11.0592MHz 
   9          3、 复位       -> 内部上电复位
  10          4、 MyPrintf   -> 映射到串口1，通过USB接口输出调试信息
  11          
  12          5、 定时器0    -> 5ms中断一次，内部定时用
  13          6、 串口1      -> RS-485
  14          6、 串口2      -> WIFI模块
  15          -----------------------------------------------------------------------------*/
  16          int main(void)
  17          {
  18   1        uint8_t main_i=0;
  19   1        uint8_t main_j=0;
  20   1        
  21   1        Hardware_Init.System_Init();//系统初始化
  22   1        UART1.SendString("Running!\n");
  23   1        while(true)
  24   1        {
  25   2          
  26   2          for(main_i=0;main_i<10;main_i++)
  27   2          {
  28   3            TM1620.Disp_Number(1,main_i);
  29   3            for(main_j=0;main_j<10;main_j++)
  30   3            {
  31   4              TM1620.Disp_Number(2,main_j);
  32   4              TM1620.Delay_Bright_ADJ(20);  //10ms扫描调整亮度
  33   4              if(((main_i*10+main_j)%10)==0)
  34   4              {
  35   5                PWM.PWM_LED_Adjust_Brightness();//根据当前显示的数据调整PWM
  36   5              }
  37   4            }
  38   3          }
  39   2        }
  40   1      }


MODULE INFORMATION:   STATIC OVERLAYABLE
   CODE SIZE        =    233    ----
   CONSTANT SIZE    =     10    ----
   XDATA SIZE       =      2    ----
   PDATA SIZE       =   ----    ----
   DATA SIZE        =   ----    ----
   IDATA SIZE       =      1    ----
   BIT SIZE         =   ----    ----
END OF MODULE INFORMATION.


C51 COMPILATION COMPLETE.  0 WARNING(S),  0 ERROR(S)
