C51 COMPILER V9.57.0.0   PWM                                                               06/18/2024 11:36:07 PAGE 1   


C51 COMPILER V9.57.0.0, COMPILATION OF MODULE PWM
OBJECT MODULE PLACED IN .\Obj\PWM.obj
COMPILER INVOKED BY: D:\Keil_v5\C51\BIN\C51.EXE App\PWM.c LARGE OPTIMIZE(1,SPEED) BROWSE INCDIR(.\App;.\User) DEBUG OBJE
                    -CTEXTEND PRINT(.\Obj\PWM.lst) TABS(2) OBJECT(.\Obj\PWM.obj)

line level    source

   1          #include "main.h"
   2          
   3          #define CCP_S1 bit5
   4          #define CCP_S0 bit4
   5          
   6          #define EPC0H  bit1 //PCA_PWM0寄存器设置比较值(第九位)
   7          #define EPC0L  bit2
   8          
   9          
  10          static void PWM_Init(void);
  11          static void PWM_LED_Adjust_Brightness(void);
  12          
  13          PWM_t PWM=
  14          {
  15            Duty_20,
  16            PWM_Init,
  17            PWM_LED_Adjust_Brightness
  18          };
  19          
  20          //PWM初始化
  21          static void PWM_Init()
  22          {
  23   1        //CCP映射到P35
  24   1        AUXR1 &= ~CCP_S1;
  25   1        AUXR1 |=  CCP_S0;
  26   1        
  27   1        CCON=0x00;
  28   1        CMOD=0x0C;//设置PCA时钟源  ->  SYSclk/6
  29   1                  //PWM频率=SYSclk/6/256=7.2kHz
  30   1        
  31   1        CL=0;
  32   1        CH=0;//复位PCA计数器
  33   1        
  34   1        CCAPM0  =0x42;    //允许比较器公功能
  35   1        PCA_PWM0  =0x00;  //工作于8位PWM模式
  36   1        
  37   1        //设置默认占空比
  38   1        PCA_PWM0 &= (~EPC0H); //第九位为0
  39   1        CCAP0H=256*(1-0.2);   //设置占空比为20%
  40   1        
  41   1        CR=1;//启动PCA计时器
  42   1      }
  43          
  44          //LED调整亮度
  45          static void PWM_LED_Adjust_Brightness()
  46          {
  47   1        //切换占空比
  48   1        switch(PWM.Duty)
  49   1        {
  50   2          case Duty_0:    PWM.Duty=Duty_20;  CCAP0H=256*(1-0.2); break;
  51   2          case Duty_20:   PWM.Duty=Duty_40;  CCAP0H=256*(1-0.4); break;
  52   2          case Duty_40:   PWM.Duty=Duty_60;  CCAP0H=256*(1-0.6); break;
  53   2          case Duty_60:   PWM.Duty=Duty_80;  CCAP0H=256*(1-0.8); break;
  54   2          case Duty_80:   PWM.Duty=Duty_100; CCAP0H=0;           break;
C51 COMPILER V9.57.0.0   PWM                                                               06/18/2024 11:36:07 PAGE 2   

  55   2          case Duty_100:  PWM.Duty=Duty_0;   CCAP0H=255;         break;
  56   2        }
  57   1      }


MODULE INFORMATION:   STATIC OVERLAYABLE
   CODE SIZE        =    123    ----
   CONSTANT SIZE    =   ----    ----
   XDATA SIZE       =      7    ----
   PDATA SIZE       =   ----    ----
   DATA SIZE        =   ----    ----
   IDATA SIZE       =   ----    ----
   BIT SIZE         =   ----    ----
END OF MODULE INFORMATION.


C51 COMPILATION COMPLETE.  0 WARNING(S),  0 ERROR(S)
