C51 COMPILER V9.57.0.0   TM1620                                                            06/18/2024 11:36:06 PAGE 1   


C51 COMPILER V9.57.0.0, COMPILATION OF MODULE TM1620
OBJECT MODULE PLACED IN .\Obj\TM1620.obj
COMPILER INVOKED BY: D:\Keil_v5\C51\BIN\C51.EXE App\TM1620.c LARGE OPTIMIZE(1,SPEED) BROWSE INCDIR(.\App;.\User) DEBUG O
                    -BJECTEXTEND PRINT(.\Obj\TM1620.lst) TABS(2) OBJECT(.\Obj\TM1620.obj)

line level    source

   1          #include "main.h"
   2          
   3          #define STB P26
   4          #define CLK P25
   5          #define DIN P24
   6          
   7          #define GPIR1 Disp_SFR_Addr_00H
   8          #define GPIR2 Disp_SFR_Addr_02H
   9          
  10          uint8_t code num[10] = {0x3F,0x06,0x5B,0x4F,0x66,0x6D,0x7D,0x07,0x7F,0x6F};  //数码管译码 0 - 9
  11          
  12          
  13          static void Init(void);                           //初始化
  14          static void Disp_Number(uint8_t ,uint8_t );       //设置数字
  15          static void Delay_Bright_ADJ(uint8_t );   //亮度调节和延时
  16          
  17          static void TM1620_Write_Byte(uint8_t);    //TM1620写入字节
  18          
  19          //结构体
  20          TM1620_t xdata TM1620=
  21          {
  22            Brightness_level_3,
  23            Init,
  24            Disp_Number,
  25            Delay_Bright_ADJ
  26          };
  27          
  28          
  29          
  30          /*
  31            *  @name   TM1620_Write_Byte
  32            *  @brief  写一个字节
  33            *  @param  dat:一个字节数据
  34            *  @retval None
  35          */
  36          static void TM1620_Write_Byte(uint8_t dat)
  37          {
  38   1        uint8_t TM1620_i=0;
  39   1        STB=0;    //STB下降沿进入数据接收模式
  40   1        Public.Delayms(1);
  41   1        for(TM1620_i=0;TM1620_i<8;TM1620_i++)
  42   1        {
  43   2          //CLK下降沿时准备数据
  44   2          CLK=0;
  45   2          if((dat&bit0)==bit0)
  46   2            DIN=1;
  47   2          else
  48   2            DIN=0;
  49   2          dat=dat>>1;//右移到下一位
  50   2          _nop_();
  51   2      
  52   2          //CLK上升沿读取数据
  53   2          CLK=1;
  54   2          _nop_();
C51 COMPILER V9.57.0.0   TM1620                                                            06/18/2024 11:36:06 PAGE 2   

  55   2        }
  56   1      }
  57          
  58          //初始化
  59          static void Init()
  60          {
  61   1        uint8_t init_i=0;
  62   1        //设置显示模式
  63   1        TM1620_Write_Byte(Disp_Mode_GRID6_SEG8);
  64   1        STB=1;
  65   1        
  66   1        //设置写显存的数据命令，自动加一
  67   1        TM1620_Write_Byte(Write_Data_Addr_Auto_Add);
  68   1        STB=1;
  69   1        
  70   1        //数据清零
  71   1        TM1620_Write_Byte(Disp_SFR_Addr_00H);
  72   1        for(init_i=0;init_i<Disp_SFR_Addr_Num;init_i++)
  73   1          TM1620_Write_Byte(0x00);
  74   1        STB=1;
  75   1        
  76   1        //设置辉度
  77   1        TM1620_Write_Byte(TM1620.Brightness);
  78   1        STB=1;
  79   1        
  80   1        
  81   1        //设置显示模式
  82   1        TM1620_Write_Byte(Disp_Mode_GRID6_SEG8);
  83   1        STB=1;
  84   1        
  85   1        //设置写显存的数据命令，固定地址
  86   1        TM1620_Write_Byte(Write_Data_Addr_Fix);
  87   1        STB=1;
  88   1        
  89   1        //写显示寄存器
  90   1        TM1620_Write_Byte(GPIR1);
  91   1        TM1620_Write_Byte(0xFF);
  92   1        STB=1;
  93   1        
  94   1        TM1620_Write_Byte(GPIR2);
  95   1        TM1620_Write_Byte(0xFF);
  96   1        STB=1;
  97   1        
  98   1        //设置辉度
  99   1        TM1620_Write_Byte(TM1620.Brightness);
 100   1        STB=1;
 101   1      }
 102          
 103          //显示数字
 104          static void Disp_Number(uint8_t GPIR,uint8_t Num)
 105          {
 106   1        //指定寄存器
 107   1        switch(GPIR)
 108   1        {
 109   2          case 1:
 110   2            TM1620_Write_Byte(GPIR1);
 111   2            break;
 112   2          case 2:
 113   2            TM1620_Write_Byte(GPIR2);
 114   2            break;  
 115   2        }
 116   1        //设置数据
C51 COMPILER V9.57.0.0   TM1620                                                            06/18/2024 11:36:06 PAGE 3   

 117   1        TM1620_Write_Byte(num[Num]);
 118   1        STB=1;
 119   1        
 120   1        //设置辉度
 121   1        TM1620_Write_Byte(TM1620.Brightness);
 122   1        STB=1;
 123   1      }
 124          
 125          //延时和调节亮度
 126          static void Delay_Bright_ADJ(uint8_t ms)
 127          {
 128   1        uint8_t k=0;
 129   1        
 130   1        for(k=0;k<ms;k++)
 131   1        {
 132   2          Key1.KEY_Detect();
 133   2          if(Key1.Press==true)
 134   2          {
 135   3            TM1620.Brightness=Brightness_level_0;
 136   3            break;
 137   3          }
 138   2          else if(Key1.Click==true && Key1.Press==false)
 139   2          {
 140   3            switch(TM1620.Brightness)
 141   3            {
 142   4              case Brightness_level_0: TM1620.Brightness=Brightness_level_1;break;
 143   4              case Brightness_level_1: TM1620.Brightness=Brightness_level_2;break;
 144   4              case Brightness_level_2: TM1620.Brightness=Brightness_level_3;break;
 145   4              case Brightness_level_3: TM1620.Brightness=Brightness_level_4;break;
 146   4              case Brightness_level_4: TM1620.Brightness=Brightness_level_5;break;
 147   4              case Brightness_level_5: TM1620.Brightness=Brightness_level_6;break;
 148   4              case Brightness_level_6: TM1620.Brightness=Brightness_level_7;break;
 149   4              case Brightness_level_7: TM1620.Brightness=Brightness_level_8;break;
 150   4              case Brightness_level_8: TM1620.Brightness=Brightness_level_1;break;
 151   4            }
 152   3            break;
 153   3          }
 154   2          Public.Delayms(1);
 155   2        }
 156   1      }


MODULE INFORMATION:   STATIC OVERLAYABLE
   CODE SIZE        =    493    ----
   CONSTANT SIZE    =     10    ----
   XDATA SIZE       =     17    ----
   PDATA SIZE       =   ----    ----
   DATA SIZE        =   ----    ----
   IDATA SIZE       =   ----    ----
   BIT SIZE         =   ----    ----
END OF MODULE INFORMATION.


C51 COMPILATION COMPLETE.  0 WARNING(S),  0 ERROR(S)
