C51 COMPILER V9.57.0.0   PUBLIC                                                            05/24/2024 12:57:37 PAGE 1   


C51 COMPILER V9.57.0.0, COMPILATION OF MODULE PUBLIC
OBJECT MODULE PLACED IN .\Obj\Public.obj
COMPILER INVOKED BY: D:\Keil_v5\C51\BIN\C51.EXE User\Public.c OPTIMIZE(8,SPEED) BROWSE INCDIR(.\App;.\User) DEBUG OBJECT
                    -EXTEND PRINT(.\Obj\Public.lst) TABS(2) OBJECT(.\Obj\Public.obj)

line level    source

   1          #include "main.h"
   2          
   3          static void Delay1ms();
   4          static void Delayms(int);
   5          static void print_485(uint8_t*);
   6          
   7          Public_t Public=
   8          {
   9            Delayms,
  10          };
  11          
  12          
  13          //1ms—” ±
  14          static void Delay1ms()    //@11.0592MHz
  15          {
  16   1        unsigned char data i, j;
  17   1      
  18   1        _nop_();
  19   1        _nop_();
  20   1        _nop_();
  21   1        i = 11;
  22   1        j = 190;
  23   1        do
  24   1        {
  25   2          while (--j);
  26   2        } while (--i);
  27   1      }
  28          
  29          //—” ±n∫¡√Î
  30          static void Delayms(int ms)
  31          {
  32   1        int k;
  33   1        for(k=0;k<ms;k++)
  34   1        {
  35   2          Delay1ms();
  36   2        }
  37   1      }


MODULE INFORMATION:   STATIC OVERLAYABLE
   CODE SIZE        =     43    ----
   CONSTANT SIZE    =   ----    ----
   XDATA SIZE       =   ----    ----
   PDATA SIZE       =   ----    ----
   DATA SIZE        =      3    ----
   IDATA SIZE       =   ----    ----
   BIT SIZE         =   ----    ----
END OF MODULE INFORMATION.


C51 COMPILATION COMPLETE.  0 WARNING(S),  0 ERROR(S)
