C51 COMPILER V9.57.0.0   IO_MODE                                                           05/14/2024 17:11:19 PAGE 1   


C51 COMPILER V9.57.0.0, COMPILATION OF MODULE IO_MODE
OBJECT MODULE PLACED IN .\Obj\IO_Mode.obj
COMPILER INVOKED BY: D:\Keil_v5\C51\BIN\C51.EXE App\IO_Mode.c OPTIMIZE(8,SPEED) BROWSE INCDIR(.\App;.\User) DEBUG OBJECT
                    -EXTEND PRINT(.\IO_Mode.lst) TABS(2) OBJECT(.\Obj\IO_Mode.obj)

line level    source

   1          #include "main.h"
   2          
   3          static void Push_Pull();
   4          static void Open_Drain();
   5          static void Floating_Input();
   6          static void Quasi_bidirectional();
   7          
   8          
   9          IO_Mode_t IO_Mode=
  10          {
  11            Push_Pull,//推挽
  12            Open_Drain,//开漏
  13            Floating_Input,//高阻输入
  14            Quasi_bidirectional//准双向口
  15          };
  16          
  17          static void Push_Pull()
  18          {
  19   1        //P34推挽输出，P32高阻输入,P33准双向口
  20   1        P3M1=0x04;
  21   1        P3M0=0x10;
  22   1        while(true)
  23   1        {
  24   2          if(P33==0)
  25   2          {
  26   3            P34=1;
  27   3          }
  28   2          else if(P33==1)
  29   2          {
  30   3            P34=0;
  31   3          }
  32   2        }
  33   1      }
  34          
  35          static void Open_Drain()
  36          {
  37   1        //P34推挽输出，P32开漏输入,P33准双向口
  38   1        P3M1=0x04;
  39   1        P3M0=0x14;
  40   1        while(true)
  41   1        {
  42   2          if(P32==0)
  43   2          {
  44   3            P34=1;
  45   3          }
  46   2          else if(P32==1)
  47   2          {
  48   3            P34=0;
  49   3          }
  50   2        }
  51   1      }
  52          
  53          static void Floating_Input()
  54          {
C51 COMPILER V9.57.0.0   IO_MODE                                                           05/14/2024 17:11:19 PAGE 2   

  55   1        //P34推挽输出，P32高阻输入,P33准双向口
  56   1        P3M1=0x04;
  57   1        P3M0=0x10;
  58   1        while(true)
  59   1        {
  60   2          if(P32==0)
  61   2          {
  62   3            P34=1;
  63   3          }
  64   2          else if(P32==1)
  65   2          {
  66   3            P34=0;
  67   3          }
  68   2        }
  69   1      }
  70          
  71          static void Quasi_bidirectional()
  72          {
  73   1        //P34推挽输出，P32高阻输入,P33准双向口
  74   1        P3M1=0x04;
  75   1        P3M0=0x10;
  76   1        P33=1;//输出高电平关闭下面的MOS
  77   1        while(true)
  78   1        {
  79   2          if(P33==0)
  80   2          {
  81   3            P34=1;
  82   3          }
  83   2          else if(P33==1)
  84   2          {
  85   3            P34=0;
  86   3          }
  87   2        }
  88   1      }


MODULE INFORMATION:   STATIC OVERLAYABLE
   CODE SIZE        =     82    ----
   CONSTANT SIZE    =   ----    ----
   XDATA SIZE       =   ----    ----
   PDATA SIZE       =   ----    ----
   DATA SIZE        =     12    ----
   IDATA SIZE       =   ----    ----
   BIT SIZE         =   ----    ----
END OF MODULE INFORMATION.


C51 COMPILATION COMPLETE.  0 WARNING(S),  0 ERROR(S)
