C51 COMPILER V9.57.0.0   PUBLIC                                                            05/14/2024 17:11:19 PAGE 1   


C51 COMPILER V9.57.0.0, COMPILATION OF MODULE PUBLIC
OBJECT MODULE PLACED IN .\Obj\Public.obj
COMPILER INVOKED BY: D:\Keil_v5\C51\BIN\C51.EXE User\Public.c OPTIMIZE(8,SPEED) BROWSE INCDIR(.\App;.\User) DEBUG OBJECT
                    -EXTEND PRINT(.\Public.lst) TABS(2) OBJECT(.\Obj\Public.obj)

line level    source

   1          #include "main.h"
   2          
   3          static void Delay1ms();
   4          static void Delayms(int);
   5          
   6          Public_t Public=
   7          {
   8            Delayms
   9          };
  10          
  11          
  12          //1ms—” ±
  13          static void Delay1ms()    //@11.0592MHz
  14          {
  15   1        unsigned char data i, j;
  16   1      
  17   1        _nop_();
  18   1        _nop_();
  19   1        _nop_();
  20   1        i = 11;
  21   1        j = 190;
  22   1        do
  23   1        {
  24   2          while (--j);
  25   2        } while (--i);
  26   1      }
  27          
  28          //—” ±n∫¡√Î
  29          static void Delayms(int ms)
  30          {
  31   1        int i;
  32   1        for(i=0;i<ms;i++)
  33   1        {
  34   2          Delay1ms();
  35   2        }
  36   1      }


MODULE INFORMATION:   STATIC OVERLAYABLE
   CODE SIZE        =     43    ----
   CONSTANT SIZE    =   ----    ----
   XDATA SIZE       =   ----    ----
   PDATA SIZE       =   ----    ----
   DATA SIZE        =      3    ----
   IDATA SIZE       =   ----    ----
   BIT SIZE         =   ----    ----
END OF MODULE INFORMATION.


C51 COMPILATION COMPLETE.  0 WARNING(S),  0 ERROR(S)
