C51 COMPILER V9.57.0.0   MAIN                                                              06/22/2024 17:33:47 PAGE 1   


C51 COMPILER V9.57.0.0, COMPILATION OF MODULE MAIN
OBJECT MODULE PLACED IN .\Obj\main.obj
COMPILER INVOKED BY: D:\Keil_v5\C51\BIN\C51.EXE User\main.c LARGE OPTIMIZE(1,SPEED) BROWSE INCDIR(.\App;.\User) DEBUG OB
                    -JECTEXTEND PRINT(.\Obj\main.lst) TABS(2) OBJECT(.\Obj\main.obj)

line level    source

   1          #include "main.h"
   2          
   3          
   4          uint8_t idata flag11=0;   //全局标志
   5          
   6          /* -----------------------------说明 -----------------------------------------
   7          1、 单片机型号 -> STC15L2K32S2   LQFP32
   8          2、 系统时钟   -> 外部晶体，11.0592MHz 
   9          3、 复位       -> 内部上电复位
  10          4、 MyPrintf   -> 映射到串口1，通过USB接口输出调试信息
  11          
  12          5、 定时器0    -> 5ms中断一次，内部定时用
  13          6、 串口1      -> RS-485
  14          6、 串口2      -> WIFI模块
  15          -----------------------------------------------------------------------------*/
  16          int main(void)
  17          {
  18   1        uint8_t main_i=0;
  19   1        uint8_t array[8]={1,2,3,4,5,6,7,8};
  20   1        uint8_t array1[8]={0};
  21   1        
  22   1        Hardware_Init.System_Init();//系统初始化
  23   1        UART1.SendString("Running!\n");
  24   1        while(true)
  25   1        {
  26   2          //AT24C02.Sendstr(array,8);     //写数据
  27   2      
  28   2          AT24C02.Receivestr(array1,8);   //读数据
  29   2          
  30   2          UART1.RS485_Send_Mode();
  31   2          for(main_i=0;main_i<8;main_i++)
  32   2          {
  33   3            printf("array1[%bu]=%bu",main_i,array1[main_i]);
  34   3          }
  35   2          UART1.RS485_Receive_Mode();
  36   2          
  37   2          for(main_i=0;main_i<8;main_i++)
  38   2          {
  39   3            array[main_i]+=1;
  40   3          }
  41   2      
  42   2          Public.Delayms(500);
  43   2        }
  44   1      
  45   1      }


MODULE INFORMATION:   STATIC OVERLAYABLE
   CODE SIZE        =    328    ----
   CONSTANT SIZE    =     42    ----
   XDATA SIZE       =     17    ----
   PDATA SIZE       =   ----    ----
   DATA SIZE        =   ----    ----
   IDATA SIZE       =      1    ----
C51 COMPILER V9.57.0.0   MAIN                                                              06/22/2024 17:33:47 PAGE 2   

   BIT SIZE         =   ----    ----
END OF MODULE INFORMATION.


C51 COMPILATION COMPLETE.  0 WARNING(S),  0 ERROR(S)
