C51 COMPILER V9.57.0.0   IO_MODE                                                           06/11/2024 20:05:35 PAGE 1   


C51 COMPILER V9.57.0.0, COMPILATION OF MODULE IO_MODE
OBJECT MODULE PLACED IN .\Obj\IO_Mode.obj
COMPILER INVOKED BY: D:\Keil_v5\C51\BIN\C51.EXE App\IO_Mode.c LARGE OPTIMIZE(1,SPEED) BROWSE INCDIR(.\App;.\User) DEBUG 
                    -OBJECTEXTEND PRINT(.\Obj\IO_Mode.lst) TABS(2) OBJECT(.\Obj\IO_Mode.obj)

line level    source

   1          #include "main.h"
   2          
   3          static void Push_Pull();
   4          static void Open_Drain();
   5          static void Floating_Input();
   6          static void Quasi_bidirectional();
   7          
   8          
   9          IO_Mode_t IO_Mode=
  10          {
  11            Push_Pull,//推挽
  12            Open_Drain,//开漏
  13            Floating_Input,//高阻输入
  14            Quasi_bidirectional//准双向口
  15          };
  16          
  17          //P34设置成推挽输出
  18          static void Push_Pull()
  19          {
  20   1        //P34推挽输出，P32高阻输入,P33准双向口
  21   1        P3M1=0x04;
  22   1        P3M0=0x10;
  23   1        while(true)
  24   1        {
  25   2          if(P33==0)
  26   2          {
  27   3            P34=1;
  28   3          }
  29   2          else if(P33==1)
  30   2          {
  31   3            P34=0;
  32   3          }
  33   2        }
  34   1      }
  35          
  36          //P32设置成开漏输出
  37          static void Open_Drain()
  38          {
  39   1        //P34推挽输出，P32开漏输入,P33准双向口
  40   1        P3M1=0x04;
  41   1        P3M0=0x14;
  42   1        while(true)
  43   1        {
  44   2          if(P32==0)
  45   2          {
  46   3            P34=1;
  47   3          }
  48   2          else if(P32==1)
  49   2          {
  50   3            P34=0;
  51   3          }
  52   2        }
  53   1      }
  54          
C51 COMPILER V9.57.0.0   IO_MODE                                                           06/11/2024 20:05:35 PAGE 2   

  55          //P32设置成高阻输入
  56          static void Floating_Input()
  57          {
  58   1        //P34推挽输出，P32高阻输入,P33准双向口
  59   1        P3M1=0x04;
  60   1        P3M0=0x10;
  61   1        while(true)
  62   1        {
  63   2          if(P32==0)
  64   2          {
  65   3            P34=1;
  66   3          }
  67   2          else if(P32==1)
  68   2          {
  69   3            P34=0;
  70   3          }
  71   2        }
  72   1      }
  73          
  74          
  75          //P33设置成准双向口输入（输出只能使用灌电流，电路不支持。拉电流太小）
  76          static void Quasi_bidirectional()
  77          {
  78   1        //P34推挽输出，P32高阻输入,P33准双向口
  79   1        P3M1=0x04;
  80   1        P3M0=0x10;
  81   1        P33=1;//输出高电平关闭下面的MOS
  82   1        while(true)
  83   1        {
  84   2          if(P33==0)
  85   2          {
  86   3            P34=1;
  87   3          }
  88   2          else if(P33==1)
  89   2          {
  90   3            P34=0;
  91   3          }
  92   2        }
  93   1      }


MODULE INFORMATION:   STATIC OVERLAYABLE
   CODE SIZE        =     86    ----
   CONSTANT SIZE    =   ----    ----
   XDATA SIZE       =     12    ----
   PDATA SIZE       =   ----    ----
   DATA SIZE        =   ----    ----
   IDATA SIZE       =   ----    ----
   BIT SIZE         =   ----    ----
END OF MODULE INFORMATION.


C51 COMPILATION COMPLETE.  0 WARNING(S),  0 ERROR(S)
