C51 COMPILER V9.57.0.0   KEY1                                                              06/11/2024 20:05:35 PAGE 1   


C51 COMPILER V9.57.0.0, COMPILATION OF MODULE KEY1
OBJECT MODULE PLACED IN .\Obj\Key1.obj
COMPILER INVOKED BY: D:\Keil_v5\C51\BIN\C51.EXE App\Key1.c LARGE OPTIMIZE(1,SPEED) BROWSE INCDIR(.\App;.\User) DEBUG OBJ
                    -ECTEXTEND PRINT(.\Obj\Key1.lst) TABS(2) OBJECT(.\Obj\Key1.obj)

line level    source

   1          #include "main.h"
   2          
   3          #define key1_status P32   //P32状态
   4          
   5          
   6          static void KEY_Detect(void);
   7          
   8          
   9          Key_t xdata Key1=
  10          {
  11            false,
  12            false,
  13            false,
  14            false,
  15            KEY_Detect
  16          };
  17          
  18          
  19          //按键检测
  20          static void KEY_Detect()
  21          {
  22   1        uint16_t key_i=0;
  23   1        
  24   1        //如果弹起状态清零
  25   1        if(key1_status==1)
  26   1        {
  27   2          Key1.Click=false;
  28   2          Key1.Press=false;
  29   2        }
  30   1        
  31   1        //单击检测
  32   1        if(Key1.KEY_FLAG==true)
  33   1        {
  34   2          Key1.KEY_FLAG=false;
  35   2          EX0 = 0; //关中断
  36   2          
  37   2          if(key1_status==0)
  38   2          {
  39   3            Public.Delayms(10);
  40   3            if(key1_status==0)
  41   3            {
  42   4              Key1.Click=true;
  43   4            }
  44   3          }
  45   2        }
  46   1      
  47   1        //长按检测
  48   1        if(Key1.Click==true)
  49   1        {
  50   2          Key1.Press=true;
  51   2      
  52   2          Timer0.usDelay_Timer=0;
  53   2          while(Timer0.usDelay_Timer<TIMER0_3s)
  54   2          {
C51 COMPILER V9.57.0.0   KEY1                                                              06/11/2024 20:05:35 PAGE 2   

  55   3            if(key1_status==1)
  56   3            {
  57   4              Key1.Press=false;
  58   4              break;
  59   4            }
  60   3          }
  61   2        }
  62   1      
  63   1        EX0 = 1; //开中断
  64   1      }
  65          
  66          
  67          
  68          //KEY1(P32)中断服务函数
  69          void INT0_isr() interrupt 0
  70          {
  71   1        Key1.KEY_FLAG=true;
  72   1      }


MODULE INFORMATION:   STATIC OVERLAYABLE
   CODE SIZE        =    139    ----
   CONSTANT SIZE    =   ----    ----
   XDATA SIZE       =      9    ----
   PDATA SIZE       =   ----    ----
   DATA SIZE        =   ----    ----
   IDATA SIZE       =   ----    ----
   BIT SIZE         =   ----    ----
END OF MODULE INFORMATION.


C51 COMPILATION COMPLETE.  0 WARNING(S),  0 ERROR(S)
