C51 COMPILER V9.57.0.0   MAIN                                                              06/11/2024 20:05:34 PAGE 1   


C51 COMPILER V9.57.0.0, COMPILATION OF MODULE MAIN
OBJECT MODULE PLACED IN .\Obj\main.obj
COMPILER INVOKED BY: D:\Keil_v5\C51\BIN\C51.EXE User\main.c LARGE OPTIMIZE(1,SPEED) BROWSE INCDIR(.\App;.\User) DEBUG OB
                    -JECTEXTEND PRINT(.\Obj\main.lst) TABS(2) OBJECT(.\Obj\main.obj)

line level    source

   1          #include "main.h"
   2          
   3          
   4          uint8_t idata flag11=0;   //全局标志
   5          
   6          
   7          
   8          
   9          /* -----------------------------说明 -----------------------------------------
  10          1、 单片机型号 -> STC15L2K32S2   LQFP32
  11          2、 系统时钟   -> 外部晶体，11.0592MHz 
  12          3、 复位       -> 内部上电复位
  13          4、 MyPrintf   -> 映射到串口1，通过USB接口输出调试信息
  14          
  15          5、 定时器0    -> 5ms中断一次，内部定时用
  16          6、 串口1      -> RS-485
  17          6、 串口2      -> WIFI模块
  18          -----------------------------------------------------------------------------*/
  19          int main(void)
  20          {
  21   1        uint8_t times=0;
  22   1        Hardware_Init.System_Init();//系统初始化
  23   1        UART1.SendString("Running!\n");
  24   1        while(true)
  25   1        {
  26   2          //连接服务器
  27   2          if((esp12s.TCP_Connect_Status==false) && (esp12s.TCP_Reconnect_Timer>TIMER0_5s))
  28   2          {
  29   3            esp12s.TCP_Connect_Server();
  30   3          }
  31   2          
  32   2          //心跳
  33   2          esp12s.Heart();
  34   2      
  35   2      //    UART2.Protocol();
  36   2          
  37   2          //按键检测
  38   2          Key1.KEY_Detect();
  39   2          //配网
  40   2          esp12s.SmartConfig();
  41   2        
  42   2      //    //调试
  43   2      //    WiFi_Debug.Computer_to_ESP12S();
  44   2      //    WiFi_Debug.ESP12S_to_Computer();
  45   2          
  46   2        }
  47   1      }
  48          


MODULE INFORMATION:   STATIC OVERLAYABLE
   CODE SIZE        =    139    ----
   CONSTANT SIZE    =     10    ----
   XDATA SIZE       =      1    ----
C51 COMPILER V9.57.0.0   MAIN                                                              06/11/2024 20:05:34 PAGE 2   

   PDATA SIZE       =   ----    ----
   DATA SIZE        =   ----    ----
   IDATA SIZE       =      1    ----
   BIT SIZE         =   ----    ----
END OF MODULE INFORMATION.


C51 COMPILATION COMPLETE.  0 WARNING(S),  0 ERROR(S)
