C51 COMPILER V9.57.0.0   SYSINIT                                                           06/11/2024 20:05:35 PAGE 1   


C51 COMPILER V9.57.0.0, COMPILATION OF MODULE SYSINIT
OBJECT MODULE PLACED IN .\Obj\SysInit.obj
COMPILER INVOKED BY: D:\Keil_v5\C51\BIN\C51.EXE User\SysInit.c LARGE OPTIMIZE(1,SPEED) BROWSE INCDIR(.\App;.\User) DEBUG
                    - OBJECTEXTEND PRINT(.\Obj\SysInit.lst) TABS(2) OBJECT(.\Obj\SysInit.obj)

line level    source

   1          #include "main.h"
   2          
   3          
   4          static void GPIO_Init();
   5          static void IE_Init();
   6          static void Run_Indication();
   7          static void System_Init();
   8          
   9          //创建对象
  10          Hardware_Init_t Hardware_Init=
  11          {
  12            GPIO_Init,
  13            IE_Init,
  14            Run_Indication,
  15            System_Init
  16          };
  17          
  18          
  19          //引脚初始化
  20          static void GPIO_Init()
  21          {
  22   1        //M1  M0
  23   1        //0   0      准双向口
  24   1        //0   1      推挽输出
  25   1        //1   0      高阻输入
  26   1        //1   1      开漏
  27   1        
  28   1        //P02推挽输出
  29   1        //P03推挽输出
  30   1        P0M1=0x00;
  31   1        P0M0=0x0C;
  32   1        P0=0;
  33   1        
  34   1        //P34推挽输出，P32高阻输入,P33准双向口
  35   1        //P30、P31准双向口
  36   1        //P36高阻输入，P37推挽输出
  37   1        P3M1=0x44;//0100 0100
  38   1        P3M0=0x90;//1001 0000
  39   1        P35=0;
  40   1        
  41   1        //P20设置为推挽模式
  42   1        P2M1=0x00;
  43   1        P2M0=0x01;
  44   1        
  45   1        P2 &= (~bit0);
  46   1        
  47   1        //P5
  48   1        P5M1=0x00;
  49   1        P5M0=0xFF;
  50   1        P54=1;//打开外设电源
  51   1        P55=0;
  52   1        
  53   1        Public.Delayms(2);//等待电平平稳
  54   1      }
C51 COMPILER V9.57.0.0   SYSINIT                                                           06/11/2024 20:05:35 PAGE 2   

  55          
  56          //中断初始化
  57          static void IE_Init()
  58          {
  59   1        EX0 = 1;      // 打开外部中断0 
  60   1        IT0 = 1;      // 设置INT0为下降沿触发  
  61   1        ET0 = 1;      //打开定时器0中断
  62   1        
  63   1        ES  = 1;      //使能串口1中断
  64   1        IE2 |= bit0;  //开启串口2中断
  65   1        
  66   1        EA = 1;       // 打开全局中断
  67   1      }
  68          
  69          //运行指示
  70          static void Run_Indication()
  71          {
  72   1        uint8_t xdata i=0;
  73   1        for(i=0;i<10;i++)
  74   1        {
  75   2          P34=~P34;
  76   2          Public.Delayms(50);
  77   2        }
  78   1      }
  79          
  80          //系统初始化
  81          static void System_Init()
  82          {
  83   1        Public.Delayms(100);
  84   1        Hardware_Init.GPIO_Init();
  85   1        Hardware_Init.Run_Indication();
  86   1        Hardware_Init.IE_Init();
  87   1        Timer0.Timer0_Init();
  88   1        UART1.UART_Init();
  89   1        UART2.UART_Init();
  90   1        esp12s.Init();
  91   1      }
  92          


MODULE INFORMATION:   STATIC OVERLAYABLE
   CODE SIZE        =    247    ----
   CONSTANT SIZE    =   ----    ----
   XDATA SIZE       =     13    ----
   PDATA SIZE       =   ----    ----
   DATA SIZE        =   ----    ----
   IDATA SIZE       =   ----    ----
   BIT SIZE         =   ----    ----
END OF MODULE INFORMATION.


C51 COMPILATION COMPLETE.  0 WARNING(S),  0 ERROR(S)
