C51 COMPILER V9.57.0.0   PUBLIC                                                            05/28/2024 21:50:52 PAGE 1   


C51 COMPILER V9.57.0.0, COMPILATION OF MODULE PUBLIC
OBJECT MODULE PLACED IN .\Obj\Public.obj
COMPILER INVOKED BY: D:\Keil_v5\C51\BIN\C51.EXE User\Public.c OPTIMIZE(8,SPEED) BROWSE INCDIR(.\App;.\User) DEBUG OBJECT
                    -EXTEND PRINT(.\Obj\Public.lst) TABS(2) OBJECT(.\Obj\Public.obj)

line level    source

   1          #include "main.h"
   2          
   3          
   4          uint16_t xdata Modbus_Regist[Modbus_Regist_LEN]={0};
   5          
   6          
   7          static void Delay1ms();
   8          static void Delayms(int);
   9          void Memory_Clr(uint8_t*,uint8_t);
  10          
  11          Public_t Public=
  12          {
  13            Delayms,
  14            Memory_Clr
  15          };
  16          
  17          
  18          void Memory_Clr(uint8_t* pucCLR,uint8_t LEN)
  19          {
  20   1        memset(pucCLR,0,LEN);
  21   1      }
  22          
  23          
  24          
  25          //1ms—” ±
  26          static void Delay1ms()    //@11.0592MHz
  27          {
  28   1        unsigned char data i, j;
  29   1      
  30   1        _nop_();
  31   1        _nop_();
  32   1        _nop_();
  33   1        i = 11;
  34   1        j = 190;
  35   1        do
  36   1        {
  37   2          while (--j);
  38   2        } while (--i);
  39   1      }
  40          
  41          //—” ±n∫¡√Î
  42          static void Delayms(int ms)
  43          {
  44   1        int k;
  45   1        for(k=0;k<ms;k++)
  46   1        {
  47   2          Delay1ms();
  48   2        }
  49   1      }


MODULE INFORMATION:   STATIC OVERLAYABLE
   CODE SIZE        =     52    ----
   CONSTANT SIZE    =   ----    ----
C51 COMPILER V9.57.0.0   PUBLIC                                                            05/28/2024 21:50:52 PAGE 2   

   XDATA SIZE       =     20    ----
   PDATA SIZE       =   ----    ----
   DATA SIZE        =      6    ----
   IDATA SIZE       =   ----    ----
   BIT SIZE         =   ----    ----
END OF MODULE INFORMATION.


C51 COMPILATION COMPLETE.  0 WARNING(S),  0 ERROR(S)
