C51 COMPILER V9.57.0.0   TIMER0                                                            05/28/2024 21:50:52 PAGE 1   


C51 COMPILER V9.57.0.0, COMPILATION OF MODULE TIMER0
OBJECT MODULE PLACED IN .\Obj\Timer0.obj
COMPILER INVOKED BY: D:\Keil_v5\C51\BIN\C51.EXE App\Timer0.c OPTIMIZE(8,SPEED) BROWSE INCDIR(.\App;.\User) DEBUG OBJECTE
                    -XTEND PRINT(.\Obj\Timer0.lst) TABS(2) OBJECT(.\Obj\Timer0.obj)

line level    source

   1          #include "main.h"
   2          
   3          
   4          static void Timer0_Init(void);
   5          
   6          
   7          Timer0_t Timer0=
   8          {
   9            0,
  10            0,
  11            Timer0_Init
  12          };
  13          
  14          
  15          /*
  16            *  @name   Timer0_Init
  17            *  @brief  定时器0初始化
  18            *  @param  None
  19            *  @retval None
  20          */
  21          static void Timer0_Init()   //5毫秒@11.0592MHz
  22          {
  23   1        AUXR &= 0x7F;     //定时器时钟12T模式
  24   1        TMOD &= 0xF0;     //设置定时器模式
  25   1        TL0 = 0x00;       //设置定时初始值
  26   1        TH0 = 0xEE;       //设置定时初始值
  27   1        TF0 = 0;        //清除TF0标志
  28   1        TR0 = 1;        //定时器0开始计时
  29   1      }
  30          
  31          /*
  32            *  @name   Timer0_isr
  33            *  @brief  定时器0中断
  34            *  @param  None
  35            *  @retval None
  36          */
  37          void Timer0_isr() interrupt 1
  38          {
  39   1        if(++Timer0.usMCU_RUN_Timer>=TIMER0_1S)
  40   1        {
  41   2          Timer0.usMCU_RUN_Timer=0;
  42   2          P34=~P34;
  43   2        }
  44   1        Timer0.usDelay_Timer++;
  45   1      }


MODULE INFORMATION:   STATIC OVERLAYABLE
   CODE SIZE        =     42    ----
   CONSTANT SIZE    =   ----    ----
   XDATA SIZE       =   ----    ----
   PDATA SIZE       =   ----    ----
   DATA SIZE        =      5    ----
   IDATA SIZE       =   ----    ----
C51 COMPILER V9.57.0.0   TIMER0                                                            05/28/2024 21:50:52 PAGE 2   

   BIT SIZE         =   ----    ----
END OF MODULE INFORMATION.


C51 COMPILATION COMPLETE.  0 WARNING(S),  0 ERROR(S)
