C51 COMPILER V9.57.0.0   UART1                                                             05/21/2024 17:59:26 PAGE 1   


C51 COMPILER V9.57.0.0, COMPILATION OF MODULE UART1
OBJECT MODULE PLACED IN .\Obj\UART1.obj
COMPILER INVOKED BY: D:\Keil_v5\C51\BIN\C51.EXE App\UART1.c OPTIMIZE(8,SPEED) BROWSE INCDIR(.\App;.\User) DEBUG OBJECTEX
                    -TEND PRINT(.\Obj\UART1.lst) TABS(2) OBJECT(.\Obj\UART1.obj)

line level    source

   1          #include "main.h"
   2          
   3          #define RS485_Mode_Switch P20
   4          #define RS485_setSendMode 1
   5          #define RS485_setReceiveMode 0
   6          #define Receive_Data_Length 10
   7          
   8          static uint8_t idata Receive_Data[Receive_Data_Length]={0};
   9          
  10          static void UART1_Init();
  11          static void SendByte(uint8_t dat);
  12          static void SendString(uint8_t *string);
  13          static void Send_Mode(void);  
  14          static void Receive_Mode(void);
  15          static void Protocol(void); 
  16          
  17          //创建串口1对象
  18          UART_t UART1=
  19          {
  20            Baud_115200,
  21            false,
  22            false,
  23            0,
  24            
  25            Receive_Data,
  26            
  27            UART1_Init,
  28            SendByte,
  29            SendString,
  30            Protocol,
  31            Send_Mode,
  32            Receive_Mode,
  33          };
  34          
  35          //串口1初始化
  36          static void UART1_Init()
  37          {
  38   1        SCON=0X50;  //模式1，允许接收数据
  39   1        PCON=0X00;  //波特率不加倍
  40   1        TMOD&=0X0F; //设定定时器1为16位自动重装方式
  41   1        AUXR |= 0x40;   //定时器1时钟为Fosc,即1T
  42   1        AUXR &= 0xFE;   //串口1选择定时器1为波特率发生器
  43   1        //AUXR1&=0x3F;  //串口1映射至P30,P31
  44   1        //串口1映射至P36,P37
  45   1        AUXR1&=~bit7;
  46   1        AUXR1|=bit6;
  47   1        
  48   1        //设置波特率
  49   1        switch(UART1.BaudRate)
  50   1        {
  51   2          case Baud_4800: TL1 = 0xC0;TH1 = 0xFD; break;
  52   2          case Baud_9600: TL1 = 0xE0;TH1 = 0xFE; break;
  53   2          case Baud_19200:   TL1 = 0x70; TH1 = 0xFF; break;
  54   2          case Baud_115200:  TL1 = 0xE8; TH1 = 0xFF; break;
C51 COMPILER V9.57.0.0   UART1                                                             05/21/2024 17:59:26 PAGE 2   

  55   2          default:           TL1 = 0xC0; TH1 = 0xFD; break;
  56   2        }
  57   1      
  58   1        ET1 = 0;        //禁止定时器1中断
  59   1        TR1 = 1;        //启动定时器1
  60   1        REN  = 1;      //允许串口1接收
  61   1      }
  62          
  63          //单个字节数据发送
  64          static void SendByte(uint8_t dat)
  65          {
  66   1        while(UART1.Tx_Busy_Flag==true);//等待前面数据发送完
  67   1        UART1.Tx_Busy_Flag=true;
  68   1        SBUF=dat;
  69   1      }
  70          
  71          //发送字符串
  72          static void SendString(uint8_t *str)
  73          {
  74   1        UART1.RS485_Send_Mode();
  75   1        while(*str)
  76   1        {
  77   2          UART1.SendByte(*(str++));
  78   2        }
  79   1        while(UART1.Tx_Busy_Flag==true);
  80   1        Public.Delayms(1);
  81   1        UART1.RS485_Receive_Mode();
  82   1      }
  83          
  84          //putchar函数重定义
  85          extern char putchar(char C)
  86          {
  87   1        UART1.SendByte((uint8_t)C);
  88   1        return C;
  89   1      }
  90          
  91          //将485设置为发送模式
  92          static void Send_Mode()
  93          {
  94   1        RS485_Mode_Switch=RS485_setSendMode;
  95   1        Public.Delayms(2);//等待硬件电路反应过来
  96   1      }
  97          
  98          //将485设置为接收模式
  99          static void Receive_Mode()
 100          {
 101   1        Public.Delayms(2);//等待前面的数据发送完
 102   1        RS485_Mode_Switch=RS485_setReceiveMode;
 103   1      }
 104          
 105          //串口协议
 106          static void Protocol()
 107          {
 108   1        
 109   1      }
 110          
 111          //串口1中断
 112          void uart1_isr() interrupt 4
 113          {
 114   1        if(TI==1)
 115   1        {
 116   2          TI=(bit)0;
C51 COMPILER V9.57.0.0   UART1                                                             05/21/2024 17:59:26 PAGE 3   

 117   2          UART1.Tx_Busy_Flag=false;
 118   2        }
 119   1      
 120   1        if(RI==1)
 121   1        {
 122   2          RI=0;
 123   2          if(UART1.ucRec_Cnt<Receive_Data_Length)
 124   2          {
 125   3            UART1.Receive_Data[UART1.ucRec_Cnt++]=SBUF;
 126   3          }
 127   2          UART1.Rx_Busy_Flag=false;
 128   2          flag11=flag11+1;
 129   2        }
 130   1      }


MODULE INFORMATION:   STATIC OVERLAYABLE
   CODE SIZE        =    288    ----
   CONSTANT SIZE    =   ----    ----
   XDATA SIZE       =   ----    ----
   PDATA SIZE       =   ----    ----
   DATA SIZE        =     25       4
   IDATA SIZE       =     10    ----
   BIT SIZE         =   ----    ----
END OF MODULE INFORMATION.


C51 COMPILATION COMPLETE.  0 WARNING(S),  0 ERROR(S)
