C51 COMPILER V9.57.0.0   TM1620                                                            06/13/2024 19:52:31 PAGE 1   


C51 COMPILER V9.57.0.0, COMPILATION OF MODULE TM1620
OBJECT MODULE PLACED IN .\Obj\TM1620.obj
COMPILER INVOKED BY: D:\Keil_v5\C51\BIN\C51.EXE App\TM1620.c LARGE OPTIMIZE(1,SPEED) BROWSE INCDIR(.\App;.\User) DEBUG O
                    -BJECTEXTEND PRINT(.\Obj\TM1620.lst) TABS(2) OBJECT(.\Obj\TM1620.obj)

line level    source

   1          #include "main.h"
   2          
   3          #define STB P26
   4          #define CLK P25
   5          #define DIN P24
   6          
   7          #define GPIR1 Disp_SFR_Addr_00H
   8          #define GPIR2 Disp_SFR_Addr_02H
   9          
  10          uint8_t code num[10] = {0x3F,0x06,0x5B,0x4F,0x66,0x6D,0x7D,0x07,0x7F,0x6F};  //数码管译码 0 - 9
  11          
  12          
  13          static void Init(void);                           //初始化
  14          static void Disp_Number(uint8_t ,uint8_t );       //设置数字
  15          static void Delay_Bright_ADJ(uint8_t );   //亮度调节和延时
  16          
  17          static void TM1620_Write_Byte(uint8_t);    //TM1620写入字节
  18          
  19          //结构体
  20          TM1620_t xdata TM1620=
  21          {
  22            Brightness_level_3,
  23            Init,
  24            Disp_Number,
  25            Delay_Bright_ADJ
  26          };
  27          
  28          
  29          //写一个字节
  30          static void TM1620_Write_Byte(uint8_t dat)
  31          {
  32   1        uint8_t TM1620_i=0;
  33   1        STB=0;    //STB下降沿进入数据接收模式
  34   1        Public.Delayms(1);
  35   1        for(TM1620_i=0;TM1620_i<8;TM1620_i++)
  36   1        {
  37   2          //CLK下降沿时准备数据
  38   2          CLK=0;
  39   2          if((dat&bit0)==bit0)
  40   2            DIN=1;
  41   2          else
  42   2            DIN=0;
  43   2          dat=dat>>1;//右移到下一位
  44   2          _nop_();
  45   2      
  46   2          //CLK上升沿读取数据
  47   2          CLK=1;
  48   2          _nop_();
  49   2        }
  50   1      }
  51          
  52          //初始化
  53          static void Init()
  54          {
C51 COMPILER V9.57.0.0   TM1620                                                            06/13/2024 19:52:31 PAGE 2   

  55   1        uint8_t init_i=0;
  56   1        //设置显示模式
  57   1        TM1620_Write_Byte(Disp_Mode_GRID6_SEG8);
  58   1        STB=1;
  59   1        
  60   1        //设置写显存的数据命令，自动加一
  61   1        TM1620_Write_Byte(Write_Data_Addr_Auto_Add);
  62   1        STB=1;
  63   1        
  64   1        //数据清零
  65   1        TM1620_Write_Byte(Disp_SFR_Addr_00H);
  66   1        for(init_i=0;init_i<Disp_SFR_Addr_Num;init_i++)
  67   1          TM1620_Write_Byte(0x00);
  68   1        STB=1;
  69   1        
  70   1        //设置辉度
  71   1        TM1620_Write_Byte(TM1620.Brightness);
  72   1        STB=1;
  73   1        
  74   1        
  75   1        //设置显示模式
  76   1        TM1620_Write_Byte(Disp_Mode_GRID6_SEG8);
  77   1        STB=1;
  78   1        
  79   1        //设置写显存的数据命令，固定地址
  80   1        TM1620_Write_Byte(Write_Data_Addr_Fix);
  81   1        STB=1;
  82   1        
  83   1        //写显示寄存器
  84   1        TM1620_Write_Byte(GPIR1);
  85   1        TM1620_Write_Byte(0xFF);
  86   1        STB=1;
  87   1        
  88   1        TM1620_Write_Byte(GPIR2);
  89   1        TM1620_Write_Byte(0xFF);
  90   1        STB=1;
  91   1        
  92   1        //设置辉度
  93   1        TM1620_Write_Byte(TM1620.Brightness);
  94   1        STB=1;
  95   1      }
  96          
  97          //显示数字
  98          static void Disp_Number(uint8_t GPIR,uint8_t Num)
  99          {
 100   1        //指定寄存器
 101   1        switch(GPIR)
 102   1        {
 103   2          case 1:
 104   2            TM1620_Write_Byte(GPIR1);
 105   2            break;
 106   2          case 2:
 107   2            TM1620_Write_Byte(GPIR2);
 108   2            break;  
 109   2        }
 110   1        //设置数据
 111   1        TM1620_Write_Byte(num[Num]);
 112   1        STB=1;
 113   1        
 114   1        //设置辉度
 115   1        TM1620_Write_Byte(TM1620.Brightness);
 116   1        STB=1;
C51 COMPILER V9.57.0.0   TM1620                                                            06/13/2024 19:52:31 PAGE 3   

 117   1      }
 118          
 119          //延时和调节亮度
 120          static void Delay_Bright_ADJ(uint8_t ms)
 121          {
 122   1        uint8_t k=0;
 123   1        
 124   1        for(k=0;k<ms;k++)
 125   1        {
 126   2          Key1.KEY_Detect();
 127   2          if(Key1.Press==true)
 128   2          {
 129   3            TM1620.Brightness=Brightness_level_0;
 130   3            break;
 131   3          }
 132   2          else if(Key1.Click==true && Key1.Press==false)
 133   2          {
 134   3            switch(TM1620.Brightness)
 135   3            {
 136   4              case Brightness_level_0: TM1620.Brightness=Brightness_level_1;break;
 137   4              case Brightness_level_1: TM1620.Brightness=Brightness_level_2;break;
 138   4              case Brightness_level_2: TM1620.Brightness=Brightness_level_3;break;
 139   4              case Brightness_level_3: TM1620.Brightness=Brightness_level_4;break;
 140   4              case Brightness_level_4: TM1620.Brightness=Brightness_level_5;break;
 141   4              case Brightness_level_5: TM1620.Brightness=Brightness_level_6;break;
 142   4              case Brightness_level_6: TM1620.Brightness=Brightness_level_7;break;
 143   4              case Brightness_level_7: TM1620.Brightness=Brightness_level_8;break;
 144   4              case Brightness_level_8: TM1620.Brightness=Brightness_level_1;break;
 145   4            }
 146   3            break;
 147   3          }
 148   2          Public.Delayms(1);
 149   2        }
 150   1      }


MODULE INFORMATION:   STATIC OVERLAYABLE
   CODE SIZE        =    493    ----
   CONSTANT SIZE    =     10    ----
   XDATA SIZE       =     17    ----
   PDATA SIZE       =   ----    ----
   DATA SIZE        =   ----    ----
   IDATA SIZE       =   ----    ----
   BIT SIZE         =   ----    ----
END OF MODULE INFORMATION.


C51 COMPILATION COMPLETE.  0 WARNING(S),  0 ERROR(S)
