C51 COMPILER V9.57.0.0   KEY2                                                              07/06/2024 17:17:33 PAGE 1   


C51 COMPILER V9.57.0.0, COMPILATION OF MODULE KEY2
OBJECT MODULE PLACED IN .\Obj\Key2.obj
COMPILER INVOKED BY: D:\Keil Arm\C51\BIN\C51.EXE App\Key2.c LARGE OPTIMIZE(1,SPEED) BROWSE INCDIR(.\App;.\User) DEBUG OB
                    -JECTEXTEND PRINT(.\Obj\Key2.lst) OBJECT(.\Obj\Key2.obj)

line level    source

   1          #include "main.h"
   2          
   3          #define KEY2_Status             P33
   4          
   5          #define Set_Press_TIME  TIMER0_2s                               //设定长按时间
   6          #define Set_Double_Click_TIME   TIMER0_200ms    //设定双击时间
   7          
   8          
   9          static uint8_t Click_Buf = false;       //单击状态缓存
  10          
  11          static void KEY_Detect(void);           //按钮开关检测
  12          
  13          Key_t KEY2      ={false,false,false,false,KEY_Detect};
  14          STA_Machine_t STA_Machine ={STA1_KEY_Up,0,0,0};
  15          
  16          
  17          //按键检测
  18          static void KEY_Detect()
  19          {
  20   1          UART1.RS485_Send_Mode();
  21   1          printf("STA_Machine.ucSTA_Machine_Scan_Timer=%hu\n",STA_Machine.ucSTA_Machine_Scan_Timer);
  22   1          UART1.RS485_Receive_Mode();
  23   1          
  24   1              if(STA_Machine.ucSTA_Machine_Scan_Timer>=TIMER0_10ms)
  25   1              {
  26   2                      UART1.SendString("Detect!!\n");
  27   2                      switch(STA_Machine.ucSTA_Machine_Status)
  28   2                      {
  29   3                              case STA1_KEY_Up:
  30   3                              {
  31   4                                      //进行单击检测
  32   4                                      if(KEY2_Status==1)
  33   4                                      {
  34   5                                              if(Click_Buf==true)
  35   5                                              {
  36   6                                                      //超过时间没有按下就被判断为单击
  37   6                                                      if(STA_Machine.usKEY2_Doule_Click_Timer>=Set_Double_Click_TIME)
  38   6                                                      {
  39   7                                                              KEY2.KEY_FLAG=true;
  40   7                                                              KEY2.Click=true;
  41   7      
  42   7                                                              Click_Buf=false;        //清除单击缓存
  43   7                                                      }
  44   6                                              }
  45   5                                      }
  46   4                                      else//检测到低电平，状态切换到按下抖动
  47   4                                      {
  48   5                                              STA_Machine.ucSTA_Machine_Status=STA2_KEY_DownShake;
  49   5                                      }
  50   4                                      break;
  51   4                              }
  52   3                              case STA2_KEY_DownShake:
  53   3                              {
  54   4                                      if(KEY2_Status==0)
C51 COMPILER V9.57.0.0   KEY2                                                              07/06/2024 17:17:33 PAGE 2   

  55   4                                      {
  56   5                                              STA_Machine.ucSTA_Machine_Status=STA3_KEY_Down;
  57   5      
  58   5                                              STA_Machine.usKEY2_Press_Timer=0;//长按检测定时器清零，开始计时
  59   5                                      }
  60   4                                      else
  61   4                                      {
  62   5                                              STA_Machine.ucSTA_Machine_Status=STA1_KEY_Up;
  63   5                                      }
  64   4                                      break;
  65   4                              }
  66   3                              case STA3_KEY_Down:
  67   3                              {
  68   4                                      if(KEY2_Status==0)
  69   4                                      {
  70   5                                              //进行长按检测
  71   5                                              if(KEY2.Press==false)
  72   5                                              {
  73   6                                                      //按下超过设定时间判断为长按
  74   6                                                      if(STA_Machine.usKEY2_Press_Timer>=Set_Press_TIME)
  75   6                                                      {
  76   7                                                              STA_Machine.ucSTA_Machine_Status=STA4_KEY_UpShake;
  77   7                                                              KEY2.KEY_FLAG=true;
  78   7                                                              KEY2.Press=true;
  79   7      
  80   7                                                              if(Click_Buf==true)
  81   7                                                                      Click_Buf=false;//检测到长按，清除上一次的按键单击
  82   7                                                      }
  83   6                                              }
  84   5                                      }
  85   4                                      else
  86   4                                      {
  87   5                                              STA_Machine.ucSTA_Machine_Status = STA4_KEY_UpShake;
  88   5                                              if(KEY2.Press==false)
  89   5                                              {
  90   6                                                      //双击检测 
  91   6      
  92   6                                                      //如果上次单击了一次，就置为双击
  93   6                                                      if(Click_Buf==true)
  94   6                                                      {
  95   7                                                              KEY2.KEY_FLAG = true;
  96   7                                                              KEY2.Double_Click=true;
  97   7      
  98   7                                                              Click_Buf=false;//清除单击缓存
  99   7                                                      }
 100   6                                                      else
 101   6                                                      {
 102   7                                                              Click_Buf=true;//单击缓存
 103   7                                                              STA_Machine.usKEY2_Doule_Click_Timer=0;//双击定时器开始清零
 104   7                                                      }
 105   6                                              }
 106   5                                              
 107   5                                      }
 108   4                                      break;
 109   4                              }
 110   3                              case STA4_KEY_UpShake:
 111   3                              {
 112   4                                      if(KEY2_Status==1)
 113   4                                              STA_Machine.ucSTA_Machine_Status=STA1_KEY_Up;
 114   4                                      break;
 115   4                              }
 116   3                              default:STA_Machine.ucSTA_Machine_Status=STA1_KEY_Up;
C51 COMPILER V9.57.0.0   KEY2                                                              07/06/2024 17:17:33 PAGE 3   

 117   3                      }       
 118   2              }
 119   1      
 120   1      
 121   1              //根据按键进行对应的动作
 122   1              if(KEY2.KEY_FLAG == true)
 123   1              {
 124   2                      KEY2.KEY_FLAG=false;
 125   2                      if(KEY2.Click==true)
 126   2                      {
 127   3                              PWM.PWM_LED_Adjust_Brightness();
 128   3                      }
 129   2                      else if(KEY2.Double_Click==true)
 130   2                      {
 131   3                              PWM.Duty=0;
 132   3                              PWM.Set_Brightness();
 133   3                      }
 134   2                      else if(KEY2.Press==true)
 135   2                      {
 136   3                              PWM.Duty=100;
 137   3                              PWM.Set_Brightness();
 138   3                      }
 139   2              
 140   2              KEY2.Click        = false;
 141   2              KEY2.Double_Click = false;
 142   2              KEY2.Press        = false;
 143   2              }
 144   1          
 145   1              STA_Machine.ucSTA_Machine_Scan_Timer = 0;
 146   1      }


MODULE INFORMATION:   STATIC OVERLAYABLE
   CODE SIZE        =    492    ----
   CONSTANT SIZE    =     52    ----
   XDATA SIZE       =     15    ----
   PDATA SIZE       =   ----    ----
   DATA SIZE        =   ----    ----
   IDATA SIZE       =   ----    ----
   BIT SIZE         =   ----    ----
END OF MODULE INFORMATION.


C51 COMPILATION COMPLETE.  0 WARNING(S),  0 ERROR(S)
