C51 COMPILER V9.57.0.0   MAIN                                                              07/06/2024 17:17:31 PAGE 1   


C51 COMPILER V9.57.0.0, COMPILATION OF MODULE MAIN
OBJECT MODULE PLACED IN .\Obj\main.obj
COMPILER INVOKED BY: D:\Keil Arm\C51\BIN\C51.EXE User\main.c LARGE OPTIMIZE(1,SPEED) BROWSE INCDIR(.\App;.\User) DEBUG O
                    -BJECTEXTEND PRINT(.\Obj\main.lst) OBJECT(.\Obj\main.obj)

line level    source

   1          #include "main.h"
   2          
   3          
   4          uint8_t idata flag11=0;         //全局标志
   5          
   6          /* -----------------------------说明 -----------------------------------------
   7          1、 单片机型号 -> STC15L2K32S2   LQFP32
   8          2、 系统时钟   -> 外部晶体，11.0592MHz 
   9          3、 复位       -> 内部上电复位
  10          4、 MyPrintf   -> 映射到串口1，通过USB接口输出调试信息
  11          
  12          5、 定时器0    -> 5ms中断一次，内部定时用
  13          6、 串口1      -> RS-485
  14          6、 串口2      -> WIFI模块
  15          -----------------------------------------------------------------------------*/
  16          int main(void)
  17          {
  18   1              uint8_t ret=0;
  19   1              
  20   1              Hardware_Init.System_Init();//系统初始化
  21   1              UART1.SendString("Running!\n");
  22   1              
  23   1              while(true)
  24   1              {
  25   2              //UART1.SendString("Detect222!!\n");
  26   2              
  27   2                      KEY2.KEY_Detect();
  28   2                      Watchdog.Clear();                       //看门狗清零
  29   2              }
  30   1      
  31   1      }


MODULE INFORMATION:   STATIC OVERLAYABLE
   CODE SIZE        =     86    ----
   CONSTANT SIZE    =     10    ----
   XDATA SIZE       =      1    ----
   PDATA SIZE       =   ----    ----
   DATA SIZE        =   ----    ----
   IDATA SIZE       =      1    ----
   BIT SIZE         =   ----    ----
END OF MODULE INFORMATION.


C51 COMPILATION COMPLETE.  0 WARNING(S),  0 ERROR(S)
