C51 COMPILER V9.57.0.0   UART1                                                             05/20/2024 16:59:06 PAGE 1   


C51 COMPILER V9.57.0.0, COMPILATION OF MODULE UART1
OBJECT MODULE PLACED IN .\Obj\UART1.obj
COMPILER INVOKED BY: D:\Keil_v5\C51\BIN\C51.EXE App\UART1.c OPTIMIZE(8,SPEED) BROWSE INCDIR(.\App;.\User) DEBUG OBJECTEX
                    -TEND PRINT(.\Obj\UART1.lst) TABS(2) OBJECT(.\Obj\UART1.obj)

line level    source

   1          #include "main.h"
   2          
   3          #define Receive_Data_Length 10
   4          
   5          static uint8_t idata Receive_Data[Receive_Data_Length]={0};
   6          
   7          static void UART1_Init();
   8          static void SendByte(uint8_t dat);
   9          static void SendString(uint8_t *string);
  10          
  11          //创建串口1对象
  12          UART_t UART1=
  13          {
  14            Baud_115200,
  15            false,
  16            false,
  17            0,
  18            
  19            Receive_Data,
  20            
  21            UART1_Init,
  22            SendByte,
  23            SendString
  24          };
  25          
  26          //串口1初始化
  27          static void UART1_Init()
  28          {
  29   1        SCON=0X50;  //模式1，允许接收数据
  30   1        PCON=0X00;  //波特率不加倍
  31   1        TMOD&=0X0F; //设定定时器1为16位自动重装方式
  32   1        AUXR |= 0x40;   //定时器1时钟为Fosc,即1T
  33   1        AUXR &= 0xFE;   //串口1选择定时器1为波特率发生器
  34   1        AUXR1&=0x3F;  ////串口1映射至P30,P31
  35   1        
  36   1        //设置波特率
  37   1        switch(UART1.BaudRate)
  38   1        {
  39   2          case Baud_4800: TL1 = 0xC0;TH1 = 0xFD; break;
  40   2          case Baud_9600: TL1 = 0xE0;TH1 = 0xFE; break;
  41   2          case Baud_19200:   TL1 = 0x70; TH1 = 0xFF; break;
  42   2          case Baud_115200:  TL1 = 0xE8; TH1 = 0xFF; break;
  43   2          default:           TL1 = 0xC0; TH1 = 0xFD; break;
  44   2        }
  45   1      
  46   1        ET1 = 0;        //禁止定时器1中断
  47   1        TR1 = 1;        //启动定时器1
  48   1        REN   = 1;      //允许串口1接收
  49   1      }
  50          
  51          //单个字节数据发送
  52          static void SendByte(uint8_t dat)
  53          {
  54   1        while(UART1.Tx_Busy_Flag==true);//等待前面数据发送完
C51 COMPILER V9.57.0.0   UART1                                                             05/20/2024 16:59:06 PAGE 2   

  55   1        UART1.Tx_Busy_Flag=true;
  56   1        SBUF=dat;
  57   1      }
  58          
  59          //发送字符串
  60          static void SendString(uint8_t *str)
  61          {
  62   1        //uint8_t *temp=str;
  63   1        while(*str)
  64   1        {
  65   2          UART1.SendByte(*(str++));
  66   2        }
  67   1        while(UART1.Tx_Busy_Flag==true);
  68   1      }
  69          
  70          //putchar函数重定义
  71          char putchar(char C)
  72          {
  73   1        UART1.SendByte((uint8_t)C);
  74   1        return C;
  75   1      }
  76          
  77          //串口中断
  78          void uart1_isr() interrupt 4
  79          {
  80   1        if(TI==1)
  81   1        {
  82   2          TI=(bit)0;
  83   2          UART1.Tx_Busy_Flag=false;
  84   2        }
  85   1      
  86   1        if(RI==1)
  87   1        {
  88   2          RI=0;
  89   2          if(UART1.ucRec_Cnt<Receive_Data_Length)
  90   2          {
  91   3            UART1.Receive_Data[UART1.ucRec_Cnt++]=SBUF;
  92   3          }
  93   2          UART1.Rx_Busy_Flag=false;
  94   2        }
  95   1      }


MODULE INFORMATION:   STATIC OVERLAYABLE
   CODE SIZE        =    225    ----
   CONSTANT SIZE    =   ----    ----
   XDATA SIZE       =   ----    ----
   PDATA SIZE       =   ----    ----
   DATA SIZE        =     16       4
   IDATA SIZE       =     10    ----
   BIT SIZE         =   ----    ----
END OF MODULE INFORMATION.


C51 COMPILATION COMPLETE.  0 WARNING(S),  0 ERROR(S)
